Logfile initialized
[INFO] logfile = /Users/aaronksaunders/Documents/vodomodo/stackmobjs/build.log
[DEBUG] /Library/Application Support/Titanium/mobilesdk/osx/1.8.0.1.RC1/android/builder.py simulator stackmobjs /Users/aaronksaunders/dev/tools/android-sdk-mac_86 /Users/aaronksaunders/Documents/vodomodo/stackmobjs com.clearlyinnovative.stackmobjs 19 WVGA854 
[INFO] Building stackmobjs for Android ... one moment
[INFO] Titanium SDK version: 1.8.0.1 (12/09/11 16:48 531977c)
[DEBUG] Waiting for device to be ready ...
[TRACE] adb devices returned 1 devices/emulators
[DEBUG] Device connected... (waited 0 seconds)
[DEBUG] waited 0.059674 seconds on emulator to get ready
[DEBUG] com.clearlyinnovative.stackmobjs installed? True
[INFO] Fastdev server running, deploying in Fastdev mode
[INFO] Copying project resources..
[INFO] Detected tiapp.xml change (or assets deleted), forcing full re-build...
[TRACE] COPYING CREATED FILE: /Users/aaronksaunders/Documents/vodomodo/stackmobjs/Resources/3f34141.jpg => /Users/aaronksaunders/Documents/vodomodo/stackmobjs/build/android/bin/assets/Resources/3f34141.jpg
[TRACE] COPYING CREATED FILE: /Users/aaronksaunders/Documents/vodomodo/stackmobjs/Resources/add_geo_coords_to_data_app.js => /Users/aaronksaunders/Documents/vodomodo/stackmobjs/build/android/bin/assets/Resources/add_geo_coords_to_data_app.js
[TRACE] COPYING CREATED FILE: /Users/aaronksaunders/Documents/vodomodo/stackmobjs/Resources/android/appicon.png => /Users/aaronksaunders/Documents/vodomodo/stackmobjs/build/android/bin/assets/Resources/appicon.png
[TRACE] COPYING CREATED FILE: /Users/aaronksaunders/Documents/vodomodo/stackmobjs/Resources/android/default.png => /Users/aaronksaunders/Documents/vodomodo/stackmobjs/build/android/bin/assets/Resources/default.png
[TRACE] COPYING CREATED FILE: /Users/aaronksaunders/Documents/vodomodo/stackmobjs/Resources/app.js => /Users/aaronksaunders/Documents/vodomodo/stackmobjs/build/android/bin/assets/Resources/app.js
[TRACE] COPYING CREATED FILE: /Users/aaronksaunders/Documents/vodomodo/stackmobjs/Resources/Copy of app.js => /Users/aaronksaunders/Documents/vodomodo/stackmobjs/build/android/bin/assets/Resources/Copy of app.js
[TRACE] COPYING CREATED FILE: /Users/aaronksaunders/Documents/vodomodo/stackmobjs/Resources/credentials.js => /Users/aaronksaunders/Documents/vodomodo/stackmobjs/build/android/bin/assets/Resources/credentials.js
[TRACE] COPYING CREATED FILE: /Users/aaronksaunders/Documents/vodomodo/stackmobjs/Resources/jsOAuth-1.3.1.min.js => /Users/aaronksaunders/Documents/vodomodo/stackmobjs/build/android/bin/assets/Resources/jsOAuth-1.3.1.min.js
[TRACE] COPYING CREATED FILE: /Users/aaronksaunders/Documents/vodomodo/stackmobjs/Resources/oauth.js => /Users/aaronksaunders/Documents/vodomodo/stackmobjs/build/android/bin/assets/Resources/oauth.js
[TRACE] COPYING CREATED FILE: /Users/aaronksaunders/Documents/vodomodo/stackmobjs/Resources/oauth_stackmob-module.min.js => /Users/aaronksaunders/Documents/vodomodo/stackmobjs/build/android/bin/assets/Resources/oauth_stackmob-module.min.js
[TRACE] COPYING CREATED FILE: /Users/aaronksaunders/Documents/vodomodo/stackmobjs/Resources/sha1.js => /Users/aaronksaunders/Documents/vodomodo/stackmobjs/build/android/bin/assets/Resources/sha1.js
[TRACE] COPYING CREATED FILE: /Users/aaronksaunders/Documents/vodomodo/stackmobjs/Resources/sort_by_zip_app.js => /Users/aaronksaunders/Documents/vodomodo/stackmobjs/build/android/bin/assets/Resources/sort_by_zip_app.js
[TRACE] COPYING CREATED FILE: /Users/aaronksaunders/Documents/vodomodo/stackmobjs/Resources/stackmob-module.js => /Users/aaronksaunders/Documents/vodomodo/stackmobjs/build/android/bin/assets/Resources/stackmob-module.js
[TRACE] COPYING CREATED FILE: /Users/aaronksaunders/Documents/vodomodo/stackmobjs/Resources/stackmob-module.min.js => /Users/aaronksaunders/Documents/vodomodo/stackmobjs/build/android/bin/assets/Resources/stackmob-module.min.js
[TRACE] Generating Java Classes
[DEBUG] Processing Android resource drawables
[TRACE] COPYING FILE: /Users/aaronksaunders/Documents/vodomodo/stackmobjs/Resources/android/images/res-long-land-hdpi/default.png => /Users/aaronksaunders/Documents/vodomodo/stackmobjs/build/android/res/drawable-long-land-hdpi/default_d44e27d97b.png
[TRACE] COPYING FILE: /Users/aaronksaunders/Documents/vodomodo/stackmobjs/Resources/android/images/res-long-land-ldpi/default.png => /Users/aaronksaunders/Documents/vodomodo/stackmobjs/build/android/res/drawable-long-land-ldpi/default_d44e27d97b.png
[TRACE] COPYING FILE: /Users/aaronksaunders/Documents/vodomodo/stackmobjs/Resources/android/images/res-long-port-hdpi/default.png => /Users/aaronksaunders/Documents/vodomodo/stackmobjs/build/android/res/drawable-long-port-hdpi/default_d44e27d97b.png
[TRACE] COPYING FILE: /Users/aaronksaunders/Documents/vodomodo/stackmobjs/Resources/android/images/res-long-port-ldpi/default.png => /Users/aaronksaunders/Documents/vodomodo/stackmobjs/build/android/res/drawable-long-port-ldpi/default_d44e27d97b.png
[TRACE] COPYING FILE: /Users/aaronksaunders/Documents/vodomodo/stackmobjs/Resources/android/images/res-notlong-land-hdpi/default.png => /Users/aaronksaunders/Documents/vodomodo/stackmobjs/build/android/res/drawable-notlong-land-hdpi/default_d44e27d97b.png
[TRACE] COPYING FILE: /Users/aaronksaunders/Documents/vodomodo/stackmobjs/Resources/android/images/res-notlong-land-ldpi/default.png => /Users/aaronksaunders/Documents/vodomodo/stackmobjs/build/android/res/drawable-notlong-land-ldpi/default_d44e27d97b.png
[TRACE] COPYING FILE: /Users/aaronksaunders/Documents/vodomodo/stackmobjs/Resources/android/images/res-notlong-land-mdpi/default.png => /Users/aaronksaunders/Documents/vodomodo/stackmobjs/build/android/res/drawable-notlong-land-mdpi/default_d44e27d97b.png
[TRACE] COPYING FILE: /Users/aaronksaunders/Documents/vodomodo/stackmobjs/Resources/android/images/res-notlong-port-hdpi/default.png => /Users/aaronksaunders/Documents/vodomodo/stackmobjs/build/android/res/drawable-notlong-port-hdpi/default_d44e27d97b.png
[TRACE] COPYING FILE: /Users/aaronksaunders/Documents/vodomodo/stackmobjs/Resources/android/images/res-notlong-port-ldpi/default.png => /Users/aaronksaunders/Documents/vodomodo/stackmobjs/build/android/res/drawable-notlong-port-ldpi/default_d44e27d97b.png
[TRACE] COPYING FILE: /Users/aaronksaunders/Documents/vodomodo/stackmobjs/Resources/android/images/res-notlong-port-mdpi/default.png => /Users/aaronksaunders/Documents/vodomodo/stackmobjs/build/android/res/drawable-notlong-port-mdpi/default_d44e27d97b.png
[DEBUG] copying app icon: /Users/aaronksaunders/Documents/vodomodo/stackmobjs/build/android/bin/assets/Resources/appicon.png
[DEBUG] generating theme.xml
[DEBUG] found drawable-long-land-hdpi splash screen at /Users/aaronksaunders/Documents/vodomodo/stackmobjs/Resources/android/images/res-long-land-hdpi/default.png
[DEBUG] copying /Users/aaronksaunders/Documents/vodomodo/stackmobjs/Resources/android/images/res-long-land-hdpi/default.png splash screen to /Users/aaronksaunders/Documents/vodomodo/stackmobjs/build/android/res/drawable-long-land-hdpi/background.png
[DEBUG] found drawable-long-land-ldpi splash screen at /Users/aaronksaunders/Documents/vodomodo/stackmobjs/Resources/android/images/res-long-land-ldpi/default.png
[DEBUG] copying /Users/aaronksaunders/Documents/vodomodo/stackmobjs/Resources/android/images/res-long-land-ldpi/default.png splash screen to /Users/aaronksaunders/Documents/vodomodo/stackmobjs/build/android/res/drawable-long-land-ldpi/background.png
[DEBUG] found drawable-long-port-hdpi splash screen at /Users/aaronksaunders/Documents/vodomodo/stackmobjs/Resources/android/images/res-long-port-hdpi/default.png
[DEBUG] copying /Users/aaronksaunders/Documents/vodomodo/stackmobjs/Resources/android/images/res-long-port-hdpi/default.png splash screen to /Users/aaronksaunders/Documents/vodomodo/stackmobjs/build/android/res/drawable-long-port-hdpi/background.png
[DEBUG] found drawable-long-port-ldpi splash screen at /Users/aaronksaunders/Documents/vodomodo/stackmobjs/Resources/android/images/res-long-port-ldpi/default.png
[DEBUG] copying /Users/aaronksaunders/Documents/vodomodo/stackmobjs/Resources/android/images/res-long-port-ldpi/default.png splash screen to /Users/aaronksaunders/Documents/vodomodo/stackmobjs/build/android/res/drawable-long-port-ldpi/background.png
[DEBUG] found drawable-notlong-land-hdpi splash screen at /Users/aaronksaunders/Documents/vodomodo/stackmobjs/Resources/android/images/res-notlong-land-hdpi/default.png
[DEBUG] copying /Users/aaronksaunders/Documents/vodomodo/stackmobjs/Resources/android/images/res-notlong-land-hdpi/default.png splash screen to /Users/aaronksaunders/Documents/vodomodo/stackmobjs/build/android/res/drawable-notlong-land-hdpi/background.png
[DEBUG] found drawable-notlong-land-ldpi splash screen at /Users/aaronksaunders/Documents/vodomodo/stackmobjs/Resources/android/images/res-notlong-land-ldpi/default.png
[DEBUG] copying /Users/aaronksaunders/Documents/vodomodo/stackmobjs/Resources/android/images/res-notlong-land-ldpi/default.png splash screen to /Users/aaronksaunders/Documents/vodomodo/stackmobjs/build/android/res/drawable-notlong-land-ldpi/background.png
[DEBUG] found drawable-notlong-land-mdpi splash screen at /Users/aaronksaunders/Documents/vodomodo/stackmobjs/Resources/android/images/res-notlong-land-mdpi/default.png
[DEBUG] copying /Users/aaronksaunders/Documents/vodomodo/stackmobjs/Resources/android/images/res-notlong-land-mdpi/default.png splash screen to /Users/aaronksaunders/Documents/vodomodo/stackmobjs/build/android/res/drawable-notlong-land-mdpi/background.png
[DEBUG] found drawable-notlong-port-hdpi splash screen at /Users/aaronksaunders/Documents/vodomodo/stackmobjs/Resources/android/images/res-notlong-port-hdpi/default.png
[DEBUG] copying /Users/aaronksaunders/Documents/vodomodo/stackmobjs/Resources/android/images/res-notlong-port-hdpi/default.png splash screen to /Users/aaronksaunders/Documents/vodomodo/stackmobjs/build/android/res/drawable-notlong-port-hdpi/background.png
[DEBUG] found drawable-notlong-port-ldpi splash screen at /Users/aaronksaunders/Documents/vodomodo/stackmobjs/Resources/android/images/res-notlong-port-ldpi/default.png
[DEBUG] copying /Users/aaronksaunders/Documents/vodomodo/stackmobjs/Resources/android/images/res-notlong-port-ldpi/default.png splash screen to /Users/aaronksaunders/Documents/vodomodo/stackmobjs/build/android/res/drawable-notlong-port-ldpi/background.png
[DEBUG] found drawable-notlong-port-mdpi splash screen at /Users/aaronksaunders/Documents/vodomodo/stackmobjs/Resources/android/images/res-notlong-port-mdpi/default.png
[DEBUG] copying /Users/aaronksaunders/Documents/vodomodo/stackmobjs/Resources/android/images/res-notlong-port-mdpi/default.png splash screen to /Users/aaronksaunders/Documents/vodomodo/stackmobjs/build/android/res/drawable-notlong-port-mdpi/background.png
[DEBUG] found splash screen at /Users/aaronksaunders/Documents/vodomodo/stackmobjs/build/android/bin/assets/Resources/default.png
[TRACE] Writing out AndroidManifest.xml
[DEBUG] adding /Users/aaronksaunders/Documents/vodomodo/stackmobjs/build/android/gen/com/clearlyinnovative/stackmobjs/R.java to javac build list
[DEBUG] adding /Users/aaronksaunders/Documents/vodomodo/stackmobjs/build/android/gen/com/clearlyinnovative/stackmobjs/StackmobjsActivity.java to javac build list
[DEBUG] adding /Users/aaronksaunders/Documents/vodomodo/stackmobjs/build/android/gen/com/clearlyinnovative/stackmobjs/StackmobjsAppInfo.java to javac build list
[DEBUG] adding /Users/aaronksaunders/Documents/vodomodo/stackmobjs/build/android/gen/com/clearlyinnovative/stackmobjs/StackmobjsApplication.java to javac build list
[DEBUG] Building Java Sources: "/Users/aaronksaunders/Documents/vodomodo/stackmobjs/build/android/gen/com/clearlyinnovative/stackmobjs/R.java" "/Users/aaronksaunders/Documents/vodomodo/stackmobjs/build/android/gen/com/clearlyinnovative/stackmobjs/StackmobjsActivity.java" "/Users/aaronksaunders/Documents/vodomodo/stackmobjs/build/android/gen/com/clearlyinnovative/stackmobjs/StackmobjsAppInfo.java" "/Users/aaronksaunders/Documents/vodomodo/stackmobjs/build/android/gen/com/clearlyinnovative/stackmobjs/StackmobjsApplication.java"
[INFO] Waiting for SDCard to become available..
[INFO] Compiling Android Resources... This could take some time
[DEBUG] Android classes.dex built
[DEBUG] creating unsigned apk: /Users/aaronksaunders/Documents/vodomodo/stackmobjs/build/android/bin/app-unsigned.apk
[DEBUG] from resource zip => assets/Resources/3f34141.jpg
[DEBUG] from resource zip => assets/Resources/Copy of app.js
[DEBUG] from resource zip => assets/Resources/add_geo_coords_to_data_app.js
[DEBUG] from resource zip => assets/Resources/app.js
[DEBUG] from resource zip => assets/Resources/appicon.png
[DEBUG] from resource zip => assets/Resources/credentials.js
[DEBUG] from resource zip => assets/Resources/default.png
[DEBUG] from resource zip => assets/Resources/jsOAuth-1.3.1.min.js
[DEBUG] from resource zip => assets/Resources/oauth.js
[DEBUG] from resource zip => assets/Resources/oauth_stackmob-module.min.js
[DEBUG] from resource zip => assets/Resources/sha1.js
[DEBUG] from resource zip => assets/Resources/sort_by_zip_app.js
[DEBUG] from resource zip => assets/Resources/stackmob-module.js
[DEBUG] from resource zip => assets/Resources/stackmob-module.min.js
[DEBUG] from resource zip => assets/app.json
[DEBUG] from resource zip => assets/index.json
[DEBUG] from resource zip => assets/tiapp.xml
[DEBUG] from resource zip => res/drawable/appicon.png
[DEBUG] from resource zip => res/drawable/background.png
[DEBUG] from resource zip => res/drawable/close.png
[DEBUG] from resource zip => res/drawable/facebook_login.png
[DEBUG] from resource zip => res/drawable/facebook_login_down.png
[DEBUG] from resource zip => res/drawable/facebook_login_wide.png
[DEBUG] from resource zip => res/drawable/facebook_login_wide_down.png
[DEBUG] from resource zip => res/drawable/facebook_logout.png
[DEBUG] from resource zip => res/drawable/facebook_logout_down.png
[DEBUG] from resource zip => res/layout/titanium_tabgroup.xml
[DEBUG] from resource zip => AndroidManifest.xml
[DEBUG] from resource zip => resources.arsc
[DEBUG] from resource zip => res/drawable-hdpi/close.png
[DEBUG] from resource zip => res/drawable-ldpi/close.png
[DEBUG] from resource zip => res/drawable-long-land-hdpi/background.png
[DEBUG] from resource zip => res/drawable-long-land-hdpi/default_d44e27d97b.png
[DEBUG] from resource zip => res/drawable-long-land-ldpi/background.png
[DEBUG] from resource zip => res/drawable-long-land-ldpi/default_d44e27d97b.png
[DEBUG] from resource zip => res/drawable-long-port-hdpi/background.png
[DEBUG] from resource zip => res/drawable-long-port-hdpi/default_d44e27d97b.png
[DEBUG] from resource zip => res/drawable-long-port-ldpi/background.png
[DEBUG] from resource zip => res/drawable-long-port-ldpi/default_d44e27d97b.png
[DEBUG] from resource zip => res/drawable-notlong-land-hdpi/background.png
[DEBUG] from resource zip => res/drawable-notlong-land-hdpi/default_d44e27d97b.png
[DEBUG] from resource zip => res/drawable-notlong-land-ldpi/background.png
[DEBUG] from resource zip => res/drawable-notlong-land-ldpi/default_d44e27d97b.png
[DEBUG] from resource zip => res/drawable-notlong-land-mdpi/background.png
[DEBUG] from resource zip => res/drawable-notlong-land-mdpi/default_d44e27d97b.png
[DEBUG] from resource zip => res/drawable-notlong-port-hdpi/background.png
[DEBUG] from resource zip => res/drawable-notlong-port-hdpi/default_d44e27d97b.png
[DEBUG] from resource zip => res/drawable-notlong-port-ldpi/background.png
[DEBUG] from resource zip => res/drawable-notlong-port-ldpi/default_d44e27d97b.png
[DEBUG] from resource zip => res/drawable-notlong-port-mdpi/background.png
[DEBUG] from resource zip => res/drawable-notlong-port-mdpi/default_d44e27d97b.png
[DEBUG] from JAR /Library/Application Support/Titanium/mobilesdk/osx/1.8.0.1.RC1/android/titanium.jar => org/appcelerator/titanium/build.properties
[DEBUG] from JAR /Library/Application Support/Titanium/mobilesdk/osx/1.8.0.1.RC1/android/titanium.jar => org/appcelerator/titanium/res/drawable/background.png
[DEBUG] from JAR /Library/Application Support/Titanium/mobilesdk/osx/1.8.0.1.RC1/android/titanium.jar => org/appcelerator/titanium/res/drawable/btn_check_buttonless_on.png
[DEBUG] from JAR /Library/Application Support/Titanium/mobilesdk/osx/1.8.0.1.RC1/android/titanium.jar => org/appcelerator/titanium/res/drawable/btn_check_buttonless_on_18.png
[DEBUG] from JAR /Library/Application Support/Titanium/mobilesdk/osx/1.8.0.1.RC1/android/titanium.jar => org/appcelerator/titanium/res/drawable/btn_check_buttonless_on_48.png
[DEBUG] from JAR /Library/Application Support/Titanium/mobilesdk/osx/1.8.0.1.RC1/android/titanium.jar => org/appcelerator/titanium/res/drawable/btn_more.png
[DEBUG] from JAR /Library/Application Support/Titanium/mobilesdk/osx/1.8.0.1.RC1/android/titanium.jar => org/appcelerator/titanium/res/drawable/btn_more_18.png
[DEBUG] from JAR /Library/Application Support/Titanium/mobilesdk/osx/1.8.0.1.RC1/android/titanium.jar => org/appcelerator/titanium/res/drawable/btn_more_48.png
[DEBUG] from JAR /Library/Application Support/Titanium/mobilesdk/osx/1.8.0.1.RC1/android/titanium.jar => org/appcelerator/titanium/res/drawable/btn_picker_normal.9.png
[DEBUG] from JAR /Library/Application Support/Titanium/mobilesdk/osx/1.8.0.1.RC1/android/titanium.jar => org/appcelerator/titanium/res/drawable/btn_picker_pressed.9.png
[DEBUG] from JAR /Library/Application Support/Titanium/mobilesdk/osx/1.8.0.1.RC1/android/titanium.jar => org/appcelerator/titanium/res/drawable/btn_picker_selected.9.png
[DEBUG] from JAR /Library/Application Support/Titanium/mobilesdk/osx/1.8.0.1.RC1/android/titanium.jar => org/appcelerator/titanium/res/drawable/default_icon.png
[DEBUG] from JAR /Library/Application Support/Titanium/mobilesdk/osx/1.8.0.1.RC1/android/titanium.jar => org/appcelerator/titanium/res/drawable/photoDefault.png
[DEBUG] from JAR /Library/Application Support/Titanium/mobilesdk/osx/1.8.0.1.RC1/android/modules/titanium-facebook.jar => ti/modules/titanium/facebook/LICENSE
[DEBUG] from JAR /Library/Application Support/Titanium/mobilesdk/osx/1.8.0.1.RC1/android/modules/titanium-ui.jar => ti/modules/titanium/ui/widget/webview/binding.js
[DEBUG] from JAR /Library/Application Support/Titanium/mobilesdk/osx/1.8.0.1.RC1/android/modules/titanium-ui.jar => ti/modules/titanium/ui/widget/webview/binding.min.js
[DEBUG] from JAR /Library/Application Support/Titanium/mobilesdk/osx/1.8.0.1.RC1/android/modules/titanium-ui.jar => ti/modules/titanium/ui/widget/webview/json2.js
[DEBUG] Waiting for device to be ready ...
[TRACE] adb devices returned 1 devices/emulators
[DEBUG] Device connected... (waited 0 seconds)
[DEBUG] waited 0.009446 seconds on emulator to get ready
[INFO] Installing application on device
[INFO] Launching application ... stackmobjs
[TRACE] Launch output: Starting: Intent { act=android.intent.action.MAIN cat=[android.intent.category.LAUNCHER] cmp=com.clearlyinnovative.stackmobjs/.StackmobjsActivity }

[INFO] Deployed stackmobjs ... Application should be running.
[DEBUG] signal caught: 15
[DEBUG] calling emulator kill on 74288
[DEBUG] signal caught: 3
[DEBUG] calling emulator kill on 74288
[INFO] Android Emulator has exited
